{"/Users/cristiansabogal/Desktop/React/03-gifs-app/src/GifsApp.tsx": {"path":"/Users/cristiansabogal/Desktop/React/03-gifs-app/src/GifsApp.tsx","all":false,"statementMap":{"0":{"start":{"line":1,"column":0},"end":{"line":1,"column":52}},"1":{"start":{"line":2,"column":0},"end":{"line":2,"column":70}},"2":{"start":{"line":3,"column":0},"end":{"line":3,"column":64}},"3":{"start":{"line":4,"column":0},"end":{"line":4,"column":58}},"4":{"start":{"line":5,"column":0},"end":{"line":5,"column":47}},"6":{"start":{"line":7,"column":0},"end":{"line":7,"column":30}},"7":{"start":{"line":8,"column":0},"end":{"line":8,"column":77}},"9":{"start":{"line":10,"column":0},"end":{"line":10,"column":10}},"10":{"start":{"line":11,"column":0},"end":{"line":11,"column":6}},"11":{"start":{"line":12,"column":0},"end":{"line":12,"column":19}},"12":{"start":{"line":13,"column":0},"end":{"line":13,"column":32}},"13":{"start":{"line":14,"column":0},"end":{"line":14,"column":57}},"16":{"start":{"line":17,"column":0},"end":{"line":17,"column":77}},"18":{"start":{"line":19,"column":0},"end":{"line":19,"column":23}},"19":{"start":{"line":20,"column":0},"end":{"line":20,"column":32}},"20":{"start":{"line":21,"column":0},"end":{"line":21,"column":42}},"23":{"start":{"line":24,"column":0},"end":{"line":24,"column":29}},"26":{"start":{"line":27,"column":0},"end":{"line":27,"column":2}}},"s":{"0":1,"1":1,"2":1,"3":1,"4":1,"6":1,"7":1,"9":1,"10":1,"11":1,"12":1,"13":1,"16":1,"18":1,"19":1,"20":1,"23":1,"26":1},"branchMap":{"0":{"type":"branch","line":7,"loc":{"start":{"line":7,"column":23},"end":{"line":27,"column":2}},"locations":[{"start":{"line":7,"column":23},"end":{"line":27,"column":2}}]}},"b":{"0":[1]},"fnMap":{"0":{"name":"GifsApp","decl":{"start":{"line":7,"column":23},"end":{"line":27,"column":2}},"loc":{"start":{"line":7,"column":23},"end":{"line":27,"column":2}},"line":7}},"f":{"0":1}}
,"/Users/cristiansabogal/Desktop/React/03-gifs-app/src/main.tsx": {"path":"/Users/cristiansabogal/Desktop/React/03-gifs-app/src/main.tsx","all":true,"statementMap":{"0":{"start":{"line":1,"column":0},"end":{"line":1,"column":34}},"1":{"start":{"line":2,"column":0},"end":{"line":2,"column":45}},"2":{"start":{"line":3,"column":0},"end":{"line":3,"column":20}},"4":{"start":{"line":5,"column":0},"end":{"line":5,"column":35}},"6":{"start":{"line":7,"column":0},"end":{"line":7,"column":52}},"7":{"start":{"line":8,"column":0},"end":{"line":8,"column":14}},"8":{"start":{"line":9,"column":0},"end":{"line":9,"column":15}}},"s":{"0":0,"1":0,"2":0,"4":0,"6":0,"7":0,"8":0},"branchMap":{"0":{"type":"branch","line":1,"loc":{"start":{"line":1,"column":242},"end":{"line":11,"column":1}},"locations":[{"start":{"line":1,"column":242},"end":{"line":11,"column":1}}]}},"b":{"0":[0]},"fnMap":{"0":{"name":"(empty-report)","decl":{"start":{"line":1,"column":242},"end":{"line":11,"column":1}},"loc":{"start":{"line":1,"column":242},"end":{"line":11,"column":1}},"line":1}},"f":{"0":0}}
,"/Users/cristiansabogal/Desktop/React/03-gifs-app/src/gifs/actions/get-gifs-by-query.action.ts": {"path":"/Users/cristiansabogal/Desktop/React/03-gifs-app/src/gifs/actions/get-gifs-by-query.action.ts","all":false,"statementMap":{"2":{"start":{"line":3,"column":0},"end":{"line":3,"column":44}},"4":{"start":{"line":5,"column":0},"end":{"line":5,"column":72}},"6":{"start":{"line":7,"column":0},"end":{"line":7,"column":34}},"7":{"start":{"line":8,"column":0},"end":{"line":8,"column":14}},"8":{"start":{"line":9,"column":0},"end":{"line":9,"column":3}},"10":{"start":{"line":11,"column":0},"end":{"line":11,"column":7}},"11":{"start":{"line":12,"column":0},"end":{"line":12,"column":63}},"12":{"start":{"line":13,"column":0},"end":{"line":13,"column":15}},"13":{"start":{"line":14,"column":0},"end":{"line":14,"column":17}},"14":{"start":{"line":15,"column":0},"end":{"line":15,"column":18}},"15":{"start":{"line":16,"column":0},"end":{"line":16,"column":8}},"16":{"start":{"line":17,"column":0},"end":{"line":17,"column":7}},"18":{"start":{"line":19,"column":0},"end":{"line":19,"column":45}},"19":{"start":{"line":20,"column":0},"end":{"line":20,"column":17}},"20":{"start":{"line":21,"column":0},"end":{"line":21,"column":23}},"21":{"start":{"line":22,"column":0},"end":{"line":22,"column":35}},"22":{"start":{"line":23,"column":0},"end":{"line":23,"column":47}},"23":{"start":{"line":24,"column":0},"end":{"line":24,"column":49}},"24":{"start":{"line":25,"column":0},"end":{"line":25,"column":8}},"25":{"start":{"line":26,"column":0},"end":{"line":26,"column":19}},"26":{"start":{"line":27,"column":0},"end":{"line":27,"column":25}},"27":{"start":{"line":28,"column":0},"end":{"line":28,"column":14}},"28":{"start":{"line":29,"column":0},"end":{"line":29,"column":3}},"29":{"start":{"line":30,"column":0},"end":{"line":30,"column":2}}},"s":{"2":1,"4":1,"6":6,"7":1,"8":1,"10":5,"11":5,"12":5,"13":5,"14":5,"15":5,"16":5,"18":4,"19":40,"20":40,"21":40,"22":40,"23":40,"24":40,"25":4,"26":1,"27":1,"28":1,"29":6},"branchMap":{"0":{"type":"branch","line":5,"loc":{"start":{"line":5,"column":30},"end":{"line":30,"column":2}},"locations":[{"start":{"line":5,"column":30},"end":{"line":30,"column":2}}]},"1":{"type":"branch","line":7,"loc":{"start":{"line":7,"column":33},"end":{"line":9,"column":3}},"locations":[{"start":{"line":7,"column":33},"end":{"line":9,"column":3}}]},"2":{"type":"branch","line":9,"loc":{"start":{"line":9,"column":2},"end":{"line":17,"column":7}},"locations":[{"start":{"line":9,"column":2},"end":{"line":17,"column":7}}]},"3":{"type":"branch","line":17,"loc":{"start":{"line":17,"column":4},"end":{"line":29,"column":3}},"locations":[{"start":{"line":17,"column":4},"end":{"line":29,"column":3}}]},"4":{"type":"branch","line":26,"loc":{"start":{"line":26,"column":4},"end":{"line":29,"column":3}},"locations":[{"start":{"line":26,"column":4},"end":{"line":29,"column":3}}]},"5":{"type":"branch","line":19,"loc":{"start":{"line":19,"column":34},"end":{"line":25,"column":8}},"locations":[{"start":{"line":19,"column":34},"end":{"line":25,"column":8}}]}},"b":{"0":[6],"1":[1],"2":[5],"3":[4],"4":[1],"5":[40]},"fnMap":{"0":{"name":"getGifsByQuery","decl":{"start":{"line":5,"column":30},"end":{"line":30,"column":2}},"loc":{"start":{"line":5,"column":30},"end":{"line":30,"column":2}},"line":5}},"f":{"0":6}}
,"/Users/cristiansabogal/Desktop/React/03-gifs-app/src/gifs/api/giphy.api.ts": {"path":"/Users/cristiansabogal/Desktop/React/03-gifs-app/src/gifs/api/giphy.api.ts","all":false,"statementMap":{"0":{"start":{"line":1,"column":0},"end":{"line":1,"column":26}},"2":{"start":{"line":3,"column":0},"end":{"line":3,"column":38}},"3":{"start":{"line":4,"column":0},"end":{"line":4,"column":45}},"4":{"start":{"line":5,"column":0},"end":{"line":5,"column":12}},"5":{"start":{"line":6,"column":0},"end":{"line":6,"column":19}},"6":{"start":{"line":7,"column":0},"end":{"line":7,"column":52}},"7":{"start":{"line":8,"column":0},"end":{"line":8,"column":5}},"8":{"start":{"line":9,"column":0},"end":{"line":9,"column":3}}},"s":{"0":1,"2":1,"3":1,"4":1,"5":1,"6":1,"7":1,"8":1},"branchMap":{},"b":{},"fnMap":{},"f":{}}
,"/Users/cristiansabogal/Desktop/React/03-gifs-app/src/gifs/components/GifList.tsx": {"path":"/Users/cristiansabogal/Desktop/React/03-gifs-app/src/gifs/components/GifList.tsx","all":false,"statementMap":{"7":{"start":{"line":8,"column":0},"end":{"line":8,"column":49}},"8":{"start":{"line":9,"column":0},"end":{"line":9,"column":10}},"9":{"start":{"line":10,"column":0},"end":{"line":10,"column":36}},"10":{"start":{"line":11,"column":0},"end":{"line":11,"column":26}},"11":{"start":{"line":12,"column":0},"end":{"line":12,"column":47}},"12":{"start":{"line":13,"column":0},"end":{"line":13,"column":47}},"13":{"start":{"line":14,"column":0},"end":{"line":14,"column":30}},"14":{"start":{"line":15,"column":0},"end":{"line":15,"column":13}},"15":{"start":{"line":16,"column":0},"end":{"line":16,"column":43}},"21":{"start":{"line":22,"column":0},"end":{"line":22,"column":2}}},"s":{"7":1,"8":1,"9":1,"10":1,"11":1,"12":1,"13":1,"14":1,"15":1,"21":1},"branchMap":{"0":{"type":"branch","line":8,"loc":{"start":{"line":8,"column":34},"end":{"line":22,"column":2}},"locations":[{"start":{"line":8,"column":34},"end":{"line":22,"column":2}}]}},"b":{"0":[1]},"fnMap":{"0":{"name":"GifList","decl":{"start":{"line":8,"column":34},"end":{"line":22,"column":2}},"loc":{"start":{"line":8,"column":34},"end":{"line":22,"column":2}},"line":8}},"f":{"0":1}}
,"/Users/cristiansabogal/Desktop/React/03-gifs-app/src/gifs/components/PreviousSearches.tsx": {"path":"/Users/cristiansabogal/Desktop/React/03-gifs-app/src/gifs/components/PreviousSearches.tsx","all":false,"statementMap":{"7":{"start":{"line":8,"column":0},"end":{"line":8,"column":78}},"8":{"start":{"line":9,"column":0},"end":{"line":9,"column":10}},"9":{"start":{"line":10,"column":0},"end":{"line":10,"column":39}},"10":{"start":{"line":11,"column":0},"end":{"line":11,"column":25}},"11":{"start":{"line":12,"column":0},"end":{"line":12,"column":45}},"12":{"start":{"line":13,"column":0},"end":{"line":13,"column":33}},"13":{"start":{"line":14,"column":0},"end":{"line":14,"column":24}},"14":{"start":{"line":15,"column":0},"end":{"line":15,"column":58}},"19":{"start":{"line":20,"column":0},"end":{"line":20,"column":2}}},"s":{"7":1,"8":1,"9":1,"10":1,"11":1,"12":1,"13":1,"14":1,"19":1},"branchMap":{"0":{"type":"branch","line":8,"loc":{"start":{"line":8,"column":43},"end":{"line":20,"column":2}},"locations":[{"start":{"line":8,"column":43},"end":{"line":20,"column":2}}]}},"b":{"0":[1]},"fnMap":{"0":{"name":"PreviousSearches","decl":{"start":{"line":8,"column":43},"end":{"line":20,"column":2}},"loc":{"start":{"line":8,"column":43},"end":{"line":20,"column":2}},"line":8}},"f":{"0":1}}
,"/Users/cristiansabogal/Desktop/React/03-gifs-app/src/gifs/hooks/useGifs.tsx": {"path":"/Users/cristiansabogal/Desktop/React/03-gifs-app/src/gifs/hooks/useGifs.tsx","all":false,"statementMap":{"0":{"start":{"line":1,"column":0},"end":{"line":1,"column":41}},"1":{"start":{"line":2,"column":0},"end":{"line":2,"column":69}},"4":{"start":{"line":5,"column":0},"end":{"line":5,"column":30}},"5":{"start":{"line":6,"column":0},"end":{"line":6,"column":46}},"6":{"start":{"line":7,"column":0},"end":{"line":7,"column":67}},"8":{"start":{"line":9,"column":0},"end":{"line":9,"column":54}},"10":{"start":{"line":11,"column":0},"end":{"line":11,"column":53}},"11":{"start":{"line":12,"column":0},"end":{"line":12,"column":34}},"12":{"start":{"line":13,"column":0},"end":{"line":13,"column":39}},"13":{"start":{"line":14,"column":0},"end":{"line":14,"column":13}},"14":{"start":{"line":15,"column":0},"end":{"line":15,"column":5}},"15":{"start":{"line":16,"column":0},"end":{"line":16,"column":44}},"16":{"start":{"line":17,"column":0},"end":{"line":17,"column":18}},"17":{"start":{"line":18,"column":0},"end":{"line":18,"column":35}},"18":{"start":{"line":19,"column":0},"end":{"line":19,"column":4}},"20":{"start":{"line":21,"column":0},"end":{"line":21,"column":54}},"21":{"start":{"line":22,"column":0},"end":{"line":22,"column":39}},"23":{"start":{"line":24,"column":0},"end":{"line":24,"column":35}},"24":{"start":{"line":25,"column":0},"end":{"line":25,"column":46}},"26":{"start":{"line":27,"column":0},"end":{"line":27,"column":61}},"28":{"start":{"line":29,"column":0},"end":{"line":29,"column":45}},"29":{"start":{"line":30,"column":0},"end":{"line":30,"column":18}},"31":{"start":{"line":32,"column":0},"end":{"line":32,"column":36}},"32":{"start":{"line":33,"column":0},"end":{"line":33,"column":4}},"34":{"start":{"line":35,"column":0},"end":{"line":35,"column":10}},"35":{"start":{"line":36,"column":0},"end":{"line":36,"column":16}},"36":{"start":{"line":37,"column":0},"end":{"line":37,"column":9}},"37":{"start":{"line":38,"column":0},"end":{"line":38,"column":18}},"38":{"start":{"line":39,"column":0},"end":{"line":39,"column":13}},"39":{"start":{"line":40,"column":0},"end":{"line":40,"column":17}},"40":{"start":{"line":41,"column":0},"end":{"line":41,"column":22}},"41":{"start":{"line":42,"column":0},"end":{"line":42,"column":4}},"42":{"start":{"line":43,"column":0},"end":{"line":43,"column":2}}},"s":{"0":1,"1":1,"4":1,"5":11,"6":11,"8":11,"10":11,"11":3,"12":1,"13":1,"14":1,"15":2,"16":2,"17":2,"18":2,"20":11,"21":2,"23":2,"24":2,"26":2,"28":2,"29":2,"31":2,"32":2,"34":11,"35":11,"36":11,"37":11,"38":11,"39":11,"40":11,"41":11,"42":11},"branchMap":{"0":{"type":"branch","line":5,"loc":{"start":{"line":5,"column":23},"end":{"line":43,"column":2}},"locations":[{"start":{"line":5,"column":23},"end":{"line":43,"column":2}}]},"1":{"type":"branch","line":11,"loc":{"start":{"line":11,"column":28},"end":{"line":19,"column":4}},"locations":[{"start":{"line":11,"column":28},"end":{"line":19,"column":4}}]},"2":{"type":"branch","line":12,"loc":{"start":{"line":12,"column":33},"end":{"line":15,"column":5}},"locations":[{"start":{"line":12,"column":33},"end":{"line":15,"column":5}}]},"3":{"type":"branch","line":15,"loc":{"start":{"line":15,"column":4},"end":{"line":19,"column":4}},"locations":[{"start":{"line":15,"column":4},"end":{"line":19,"column":4}}]},"4":{"type":"branch","line":21,"loc":{"start":{"line":21,"column":23},"end":{"line":33,"column":4}},"locations":[{"start":{"line":21,"column":23},"end":{"line":33,"column":4}}]},"5":{"type":"branch","line":24,"loc":{"start":{"line":24,"column":28},"end":{"line":24,"column":35}},"locations":[{"start":{"line":24,"column":28},"end":{"line":24,"column":35}}]},"6":{"type":"branch","line":25,"loc":{"start":{"line":25,"column":39},"end":{"line":25,"column":46}},"locations":[{"start":{"line":25,"column":39},"end":{"line":25,"column":46}}]}},"b":{"0":[11],"1":[3],"2":[1],"3":[2],"4":[2],"5":[0],"6":[0]},"fnMap":{"0":{"name":"useGifs","decl":{"start":{"line":5,"column":23},"end":{"line":43,"column":2}},"loc":{"start":{"line":5,"column":23},"end":{"line":43,"column":2}},"line":5},"1":{"name":"handleTermClicked","decl":{"start":{"line":11,"column":28},"end":{"line":19,"column":4}},"loc":{"start":{"line":11,"column":28},"end":{"line":19,"column":4}},"line":11},"2":{"name":"handleSearch","decl":{"start":{"line":21,"column":23},"end":{"line":33,"column":4}},"loc":{"start":{"line":21,"column":23},"end":{"line":33,"column":4}},"line":21}},"f":{"0":11,"1":3,"2":2}}
,"/Users/cristiansabogal/Desktop/React/03-gifs-app/src/gifs/interfaces/gifs.interface.ts": {"path":"/Users/cristiansabogal/Desktop/React/03-gifs-app/src/gifs/interfaces/gifs.interface.ts","all":true,"statementMap":{},"s":{},"branchMap":{"0":{"type":"branch","line":1,"loc":{"start":{"line":1,"column":105},"end":{"line":7,"column":1}},"locations":[{"start":{"line":1,"column":105},"end":{"line":7,"column":1}}]}},"b":{"0":[1]},"fnMap":{"0":{"name":"(empty-report)","decl":{"start":{"line":1,"column":105},"end":{"line":7,"column":1}},"loc":{"start":{"line":1,"column":105},"end":{"line":7,"column":1}},"line":1}},"f":{"0":1}}
,"/Users/cristiansabogal/Desktop/React/03-gifs-app/src/gifs/interfaces/giphy.response.ts": {"path":"/Users/cristiansabogal/Desktop/React/03-gifs-app/src/gifs/interfaces/giphy.response.ts","all":true,"statementMap":{},"s":{},"branchMap":{"0":{"type":"branch","line":1,"loc":{"start":{"line":1,"column":3463},"end":{"line":129,"column":1}},"locations":[{"start":{"line":1,"column":3463},"end":{"line":129,"column":1}}]}},"b":{"0":[1]},"fnMap":{"0":{"name":"(empty-report)","decl":{"start":{"line":1,"column":3463},"end":{"line":129,"column":1}},"loc":{"start":{"line":1,"column":3463},"end":{"line":129,"column":1}},"line":1}},"f":{"0":1}}
,"/Users/cristiansabogal/Desktop/React/03-gifs-app/src/mock-data/gifs.mocks.ts": {"path":"/Users/cristiansabogal/Desktop/React/03-gifs-app/src/mock-data/gifs.mocks.ts","all":true,"statementMap":{"2":{"start":{"line":3,"column":0},"end":{"line":3,"column":32}},"3":{"start":{"line":4,"column":0},"end":{"line":4,"column":3}},"4":{"start":{"line":5,"column":0},"end":{"line":5,"column":12}},"5":{"start":{"line":6,"column":0},"end":{"line":6,"column":29}},"6":{"start":{"line":7,"column":0},"end":{"line":7,"column":185}},"7":{"start":{"line":8,"column":0},"end":{"line":8,"column":15}},"8":{"start":{"line":9,"column":0},"end":{"line":9,"column":16}},"9":{"start":{"line":10,"column":0},"end":{"line":10,"column":4}},"10":{"start":{"line":11,"column":0},"end":{"line":11,"column":3}},"11":{"start":{"line":12,"column":0},"end":{"line":12,"column":12}},"12":{"start":{"line":13,"column":0},"end":{"line":13,"column":23}},"13":{"start":{"line":14,"column":0},"end":{"line":14,"column":70}},"14":{"start":{"line":15,"column":0},"end":{"line":15,"column":15}},"15":{"start":{"line":16,"column":0},"end":{"line":16,"column":16}},"16":{"start":{"line":17,"column":0},"end":{"line":17,"column":4}},"17":{"start":{"line":18,"column":0},"end":{"line":18,"column":3}},"18":{"start":{"line":19,"column":0},"end":{"line":19,"column":12}},"19":{"start":{"line":20,"column":0},"end":{"line":20,"column":25}},"20":{"start":{"line":21,"column":0},"end":{"line":21,"column":185}},"21":{"start":{"line":22,"column":0},"end":{"line":22,"column":15}},"22":{"start":{"line":23,"column":0},"end":{"line":23,"column":16}},"23":{"start":{"line":24,"column":0},"end":{"line":24,"column":4}},"24":{"start":{"line":25,"column":0},"end":{"line":25,"column":3}},"25":{"start":{"line":26,"column":0},"end":{"line":26,"column":12}},"26":{"start":{"line":27,"column":0},"end":{"line":27,"column":23}},"27":{"start":{"line":28,"column":0},"end":{"line":28,"column":70}},"28":{"start":{"line":29,"column":0},"end":{"line":29,"column":15}},"29":{"start":{"line":30,"column":0},"end":{"line":30,"column":16}},"30":{"start":{"line":31,"column":0},"end":{"line":31,"column":4}},"31":{"start":{"line":32,"column":0},"end":{"line":32,"column":3}},"32":{"start":{"line":33,"column":0},"end":{"line":33,"column":12}},"33":{"start":{"line":34,"column":0},"end":{"line":34,"column":30}},"34":{"start":{"line":35,"column":0},"end":{"line":35,"column":185}},"35":{"start":{"line":36,"column":0},"end":{"line":36,"column":15}},"36":{"start":{"line":37,"column":0},"end":{"line":37,"column":16}},"37":{"start":{"line":38,"column":0},"end":{"line":38,"column":4}},"38":{"start":{"line":39,"column":0},"end":{"line":39,"column":3}},"39":{"start":{"line":40,"column":0},"end":{"line":40,"column":12}},"40":{"start":{"line":41,"column":0},"end":{"line":41,"column":31}},"41":{"start":{"line":42,"column":0},"end":{"line":42,"column":185}},"42":{"start":{"line":43,"column":0},"end":{"line":43,"column":15}},"43":{"start":{"line":44,"column":0},"end":{"line":44,"column":16}},"44":{"start":{"line":45,"column":0},"end":{"line":45,"column":4}},"45":{"start":{"line":46,"column":0},"end":{"line":46,"column":2}}},"s":{"2":0,"3":0,"4":0,"5":0,"6":0,"7":0,"8":0,"9":0,"10":0,"11":0,"12":0,"13":0,"14":0,"15":0,"16":0,"17":0,"18":0,"19":0,"20":0,"21":0,"22":0,"23":0,"24":0,"25":0,"26":0,"27":0,"28":0,"29":0,"30":0,"31":0,"32":0,"33":0,"34":0,"35":0,"36":0,"37":0,"38":0,"39":0,"40":0,"41":0,"42":0,"43":0,"44":0,"45":0},"branchMap":{"0":{"type":"branch","line":1,"loc":{"start":{"line":1,"column":1481},"end":{"line":46,"column":2}},"locations":[{"start":{"line":1,"column":1481},"end":{"line":46,"column":2}}]}},"b":{"0":[1]},"fnMap":{"0":{"name":"(empty-report)","decl":{"start":{"line":1,"column":1481},"end":{"line":46,"column":2}},"loc":{"start":{"line":1,"column":1481},"end":{"line":46,"column":2}},"line":1}},"f":{"0":1}}
,"/Users/cristiansabogal/Desktop/React/03-gifs-app/src/shared/components/CustomHeader.tsx": {"path":"/Users/cristiansabogal/Desktop/React/03-gifs-app/src/shared/components/CustomHeader.tsx","all":false,"statementMap":{"5":{"start":{"line":6,"column":0},"end":{"line":6,"column":60}},"6":{"start":{"line":7,"column":0},"end":{"line":7,"column":12}},"7":{"start":{"line":8,"column":0},"end":{"line":8,"column":40}},"8":{"start":{"line":9,"column":0},"end":{"line":9,"column":28}},"10":{"start":{"line":11,"column":0},"end":{"line":11,"column":51}},"14":{"start":{"line":15,"column":0},"end":{"line":15,"column":1}}},"s":{"5":1,"6":4,"7":4,"8":4,"10":4,"14":4},"branchMap":{"0":{"type":"branch","line":6,"loc":{"start":{"line":6,"column":28},"end":{"line":15,"column":1}},"locations":[{"start":{"line":6,"column":28},"end":{"line":15,"column":1}}]}},"b":{"0":[4]},"fnMap":{"0":{"name":"CustomHeader","decl":{"start":{"line":6,"column":28},"end":{"line":15,"column":1}},"loc":{"start":{"line":6,"column":28},"end":{"line":15,"column":1}},"line":6}},"f":{"0":4}}
,"/Users/cristiansabogal/Desktop/React/03-gifs-app/src/shared/components/SearchBar.tsx": {"path":"/Users/cristiansabogal/Desktop/React/03-gifs-app/src/shared/components/SearchBar.tsx","all":false,"statementMap":{"0":{"start":{"line":1,"column":0},"end":{"line":1,"column":64}},"7":{"start":{"line":8,"column":0},"end":{"line":8,"column":74}},"8":{"start":{"line":9,"column":0},"end":{"line":9,"column":41}},"10":{"start":{"line":11,"column":0},"end":{"line":11,"column":19}},"11":{"start":{"line":12,"column":0},"end":{"line":12,"column":40}},"12":{"start":{"line":13,"column":0},"end":{"line":13,"column":21}},"13":{"start":{"line":14,"column":0},"end":{"line":14,"column":12}},"15":{"start":{"line":16,"column":0},"end":{"line":16,"column":18}},"16":{"start":{"line":17,"column":0},"end":{"line":17,"column":30}},"17":{"start":{"line":18,"column":0},"end":{"line":18,"column":6}},"18":{"start":{"line":19,"column":0},"end":{"line":19,"column":23}},"20":{"start":{"line":21,"column":0},"end":{"line":21,"column":30}},"21":{"start":{"line":22,"column":0},"end":{"line":22,"column":19}},"22":{"start":{"line":23,"column":0},"end":{"line":23,"column":19}},"23":{"start":{"line":24,"column":0},"end":{"line":24,"column":4}},"25":{"start":{"line":26,"column":0},"end":{"line":26,"column":69}},"26":{"start":{"line":27,"column":0},"end":{"line":27,"column":31}},"27":{"start":{"line":28,"column":0},"end":{"line":28,"column":21}},"28":{"start":{"line":29,"column":0},"end":{"line":29,"column":5}},"29":{"start":{"line":30,"column":0},"end":{"line":30,"column":4}},"31":{"start":{"line":32,"column":0},"end":{"line":32,"column":10}},"32":{"start":{"line":33,"column":0},"end":{"line":33,"column":38}},"33":{"start":{"line":34,"column":0},"end":{"line":34,"column":12}},"34":{"start":{"line":35,"column":0},"end":{"line":35,"column":19}},"35":{"start":{"line":36,"column":0},"end":{"line":36,"column":33}},"36":{"start":{"line":37,"column":0},"end":{"line":37,"column":21}},"37":{"start":{"line":38,"column":0},"end":{"line":38,"column":58}},"38":{"start":{"line":39,"column":0},"end":{"line":39,"column":33}},"40":{"start":{"line":41,"column":0},"end":{"line":41,"column":52}},"43":{"start":{"line":44,"column":0},"end":{"line":44,"column":2}}},"s":{"0":1,"7":1,"8":12,"10":12,"11":12,"12":2,"13":12,"15":12,"16":12,"17":12,"18":12,"20":12,"21":1,"22":1,"23":1,"25":12,"26":0,"27":0,"28":0,"29":0,"31":12,"32":12,"33":12,"34":12,"35":12,"36":12,"37":12,"38":12,"40":12,"43":12},"branchMap":{"0":{"type":"branch","line":8,"loc":{"start":{"line":8,"column":25},"end":{"line":44,"column":2}},"locations":[{"start":{"line":8,"column":25},"end":{"line":44,"column":2}}]},"1":{"type":"branch","line":11,"loc":{"start":{"line":11,"column":12},"end":{"line":19,"column":5}},"locations":[{"start":{"line":11,"column":12},"end":{"line":19,"column":5}}]},"2":{"type":"branch","line":12,"loc":{"start":{"line":12,"column":33},"end":{"line":14,"column":7}},"locations":[{"start":{"line":12,"column":33},"end":{"line":14,"column":7}}]},"3":{"type":"branch","line":16,"loc":{"start":{"line":16,"column":11},"end":{"line":18,"column":6}},"locations":[{"start":{"line":16,"column":11},"end":{"line":18,"column":6}}]},"4":{"type":"branch","line":21,"loc":{"start":{"line":21,"column":23},"end":{"line":24,"column":4}},"locations":[{"start":{"line":21,"column":23},"end":{"line":24,"column":4}}]},"5":{"type":"branch","line":38,"loc":{"start":{"line":38,"column":18},"end":{"line":38,"column":58}},"locations":[{"start":{"line":38,"column":18},"end":{"line":38,"column":58}}]}},"b":{"0":[12],"1":[12],"2":[2],"3":[12],"4":[1],"5":[6]},"fnMap":{"0":{"name":"SearchBar","decl":{"start":{"line":8,"column":25},"end":{"line":44,"column":2}},"loc":{"start":{"line":8,"column":25},"end":{"line":44,"column":2}},"line":8},"1":{"name":"handleSearch","decl":{"start":{"line":21,"column":23},"end":{"line":24,"column":4}},"loc":{"start":{"line":21,"column":23},"end":{"line":24,"column":4}},"line":21},"2":{"name":"handleKeyDown","decl":{"start":{"line":26,"column":24},"end":{"line":30,"column":4}},"loc":{"start":{"line":26,"column":24},"end":{"line":30,"column":4}},"line":26},"3":{"name":"onChange","decl":{"start":{"line":38,"column":18},"end":{"line":38,"column":58}},"loc":{"start":{"line":38,"column":18},"end":{"line":38,"column":58}},"line":38}},"f":{"0":12,"1":1,"2":0,"3":6}}
}
